#@ # 
#@ # Running fm_shell Version N-2017.09-SP2 for linux64 -- Nov 16, 2017
#@ # Date:   Sat Jul 11 11:14:55 2020
#@ # Run by: artem3@mo.ece.pdx.edu
#@ 

source /pkgs/synopsys/2017/formality/admin/setup/.synopsys_fm.setup
#@ # -- Starting source /pkgs/synopsys/2017/formality/admin/setup/.synopsys_fm.setup

#@ #
#@ # .synopsys_fm.setup: Initialization File for Formality
#@ #
#@ 
#@ 
#@ #
#@ # Enable stack trace output on fatal.  Not available for all architectures.
#@ #
#@ if { $sh_arch == "sparc" || $sh_arch == "sparcOS5" ||      $sh_arch == "hp700" || $sh_arch == "hpux10" } {
#@   set_unix_variable SYNOPSYS_TRACE ""
#@ }
#@ 
#@ #
#@ # Variable settings
#@ #
#@ set sh_new_variable_message true
#@ 
#@ #
#@ # Synopsys strongly recommends that you uncomment the following command
#@ # in order to set sh_command_abbrev_mode to the value "Command-Line-Only".
#@ # Command abbreviation is intended as an interactive convenience.  Using
#@ # abbreviations in scripts can cause commands to fail in subsequent releases.
#@ # 
#@ #set sh_command_abbrev_mode "Command-Line-Only"
#@ 
#@ #
#@ # Some useful aliases
#@ #
#@ alias list_commands		help
#@ 
#@ #
#@ # The alias of q to quit is commented out.  Remove the comment 
#@ # character if you want this alias.  Some users find that having 
#@ # this particular alias causes problems when mixed with page-mode
#@ # for reports - an accidental repeated 'q' not only cancels the
#@ # output but exits the tool.
#@ #
#@ #alias q quit
#@ # -- End source /pkgs/synopsys/2017/formality/admin/setup/.synopsys_fm.setup

source /pkgs/synopsys/2017/formality/auxx/gui/fm/.convertFmCmd2Tcl.tcl
#@ # -- Starting source /pkgs/synopsys/2017/formality/auxx/gui/fm/.convertFmCmd2Tcl.tcl

#@ 
#@ ##--- Final output command definition file for "Formality Commands"
#@ set ::fmcdf ".fm.cdf"
#@ set ::fmgroup "Formality Commands"
#@ set ::gpFile $::fmcdf.gpfile
#@ 
#@ # Get all groups
#@ set result [help -groups > $::gpFile]
#@ set fp [open $::gpFile r]
#@ set ::gp_file_data [read $fp]
#@ close $fp
#@ 
#@ ##-! Get each command
#@ proc get_command_def _cmd {
#@    set cmd [string trim $_cmd]
#@    if { [string compare $cmd ""] != 0 } {
#@       if { [string compare $cmd "_version"] != 0 } {
#@       #echo "Definiton: $cmd"
#@       set defn [get_defined_commands -detail $cmd]
#@       #echo defn=$defn
#@       puts  $::allCmds $defn
#@       }
#@    }
#@ }
#@ 
#@ ##-! Generate cmds for a group
#@ proc get_command_from_gp _group {
#@    set group [string trim $_group]
#@    set gcmdfile $group.cmdfile
#@ 
#@    ##========== or use redirect $gcmdfile {help "$group"}
#@    set cresult [help "$group" > $gcmdfile]
#@ 
#@    ##==========
#@    set pfi [open $gcmdfile "r"]
#@    while {1 == 1} {
#@     set cnt [gets $pfi row]
#@     if {$cnt < 0} {break} ; ## Check if eof
#@     set word [lindex [split $row "#"] 0]  ; # find_compare_points # comments...
#@     #puts $allCmds $word
#@     # strip header
#@     set header "$group: "
#@     if { $word != $header } {
#@         get_command_def $word
#@     }
#@    }
#@    close $pfi
#@    ##==========
#@ 
#@    # Clean up
#@    file delete -force  $gcmdfile
#@ }
#@ 
#@ #-!  Process data file
#@ #================================
#@ set ::allCmds [open $::fmcdf "w"]
#@ set gp [split $::gp_file_data "\n"]
#@ foreach group $gp {
#@      # do some line processing here
#@     if { $group == $::fmgroup } {
#@        # echo *** Generate cmd from group \"$group\"
#@        get_command_from_gp $group
#@     } else {
#@        # echo Other cmd group $group
#@     }
#@ }
#@ close $::allCmds
#@ file delete -force  $::gpFile
#@ # -- End source /pkgs/synopsys/2017/formality/auxx/gui/fm/.convertFmCmd2Tcl.tcl

read_verilog -container r -libname WORK -05 { /home/artem3/common/Desktop/git/ECE582-Projects/project1/task1/p1_c1.v } 
set_top r:/WORK/C1 
read_verilog -container i -libname WORK -05 { /home/artem3/common/Desktop/git/ECE582-Projects/project1/task1/design.v } 
set_top i:/WORK/p1c1 
set_parameter -resolution blackbox r:/WORK/C1 
set_parameter -resolution blackbox i:/WORK/p1c1 
match 
verify 
remove_parameter -resolution i:/WORK/p1c1 
remove_parameter -resolution r:/WORK/C1 
remove_parameter -resolution r:/WORK/C1 
set_implementation i:/WORK/p1c2 
analyze_points -aborted 
analyze_points -unverified 
analyze_points -failing 
analyze_points r:/WORK/C1/a 
analyze_points -failing 
verify -restart 
remove_container r 
remove_container i 
remove_guidance 
read_verilog -container r -libname WORK -05 { /home/artem3/common/Desktop/git/ECE582-Projects/project1/task1/design.v } 
set_top r:/WORK/p1c1 
read_verilog -container i -libname WORK -05 { /home/artem3/common/Desktop/git/ECE582-Projects/project1/task1/p1_c1.v } 
set_top i:/WORK/C1 
match 
verify 
set_reference r:/WORK/p1c2 
remove_container r 
read_verilog -container r -libname WORK -05 { /home/artem3/common/Desktop/git/ECE582-Projects/project1/task1/design.v } 
set_top r:/WORK/p1c2 
remove_container i 
read_verilog -container i -libname WORK -05 { /home/artem3/common/Desktop/git/ECE582-Projects/project1/task1/p1_c2.v } 
set_top i:/WORK/C2 
match 
verify 
remove_container r 
read_verilog -container r -libname WORK -05 { /home/artem3/common/Desktop/git/ECE582-Projects/project1/task1/design.v } 
set_top r:/WORK/p1c1 
match 
verify 
remove_container i 
read_verilog -container i -libname WORK -05 { /home/artem3/common/Desktop/git/ECE582-Projects/project1/task1/design.v } 
set_top i:/WORK/p1c2 
set_implementation i:/WORK/p1c2 
match 
verify 
exit
